<?xml version="1.0" encoding="UTF-8"?>
<!-- Generated by org.testng.reporters.JUnitReportReporter -->
<testsuite skipped="0" hostname="DESKTOP-EG0PIDQ" name="seleniumNew.GoogleTest" tests="3" failures="0" timestamp="14 May 2019 10:23:17 GMT" time="28.068" errors="0">
  <testcase name="searchBtmTest" time="9.811" classname="seleniumNew.GoogleTest"/>
  <testcase name="googleLogoTest" time="10.744" classname="seleniumNew.GoogleTest"/>
  <testcase name="GoogleTitleTest" time="7.513" classname="seleniumNew.GoogleTest"/>
</testsuite> <!-- seleniumNew.GoogleTest -->
