<?xml version="1.0" encoding="UTF-8"?>
<!-- Generated by org.testng.reporters.JUnitReportReporter -->
<testsuite skipped="0" hostname="DESKTOP-EG0PIDQ" name="seleniumNew.SeleniumNewTest" tests="2" failures="0" timestamp="14 May 2019 10:23:17 GMT" time="0.021" errors="0">
  <testcase name="userLoginTest" time="0.020" classname="seleniumNew.SeleniumNewTest"/>
  <testcase name="manageTest" time="0.001" classname="seleniumNew.SeleniumNewTest"/>
</testsuite> <!-- seleniumNew.SeleniumNewTest -->
